<?xml version="1.0" encoding="UTF-8"?>
<testng-results skipped="0" failed="2" total="5" passed="3">
  <reporter-output>
  </reporter-output>
  <suite name="SuiteName" duration-ms="48531" started-at="2016-12-28T12:09:56Z" finished-at="2016-12-28T12:10:45Z">
    <groups>
    </groups>
    <test name="TestA" duration-ms="25" started-at="2016-12-28T12:09:56Z" finished-at="2016-12-28T12:09:56Z">
      <class name="com.qtpselenium.core.ddf.testcases.DummyTestA">
        <test-method status="FAIL" signature="testA1()" name="testA1" duration-ms="15" started-at="2016-12-28T12:09:56Z" finished-at="2016-12-28T12:09:56Z">
          <exception class="java.lang.AssertionError">
            <message>
              <![CDATA[null]]>
            </message>
            <full-stacktrace>
              <![CDATA[java.lang.AssertionError: null
	at org.testng.Assert.fail(Assert.java:89)
	at org.testng.Assert.fail(Assert.java:96)
	at com.qtpselenium.core.ddf.testcases.DummyTestA.testA1(DummyTestA.java:16)
	at sun.reflect.NativeMethodAccessorImpl.invoke0(Native Method)
	at sun.reflect.NativeMethodAccessorImpl.invoke(NativeMethodAccessorImpl.java:62)
	at sun.reflect.DelegatingMethodAccessorImpl.invoke(DelegatingMethodAccessorImpl.java:43)
	at java.lang.reflect.Method.invoke(Method.java:498)
	at org.testng.internal.MethodInvocationHelper.invokeMethod(MethodInvocationHelper.java:80)
	at org.testng.internal.Invoker.invokeMethod(Invoker.java:673)
	at org.testng.internal.Invoker.invokeTestMethod(Invoker.java:842)
	at org.testng.internal.Invoker.invokeTestMethods(Invoker.java:1166)
	at org.testng.internal.TestMethodWorker.invokeTestMethods(TestMethodWorker.java:125)
	at org.testng.internal.TestMethodWorker.run(TestMethodWorker.java:109)
	at org.testng.TestRunner.runWorkers(TestRunner.java:1178)
	at org.testng.TestRunner.privateRun(TestRunner.java:757)
	at org.testng.TestRunner.run(TestRunner.java:608)
	at org.testng.SuiteRunner.runTest(SuiteRunner.java:334)
	at org.testng.SuiteRunner.runSequentially(SuiteRunner.java:329)
	at org.testng.SuiteRunner.privateRun(SuiteRunner.java:291)
	at org.testng.SuiteRunner.run(SuiteRunner.java:240)
	at org.testng.SuiteRunnerWorker.runSuite(SuiteRunnerWorker.java:52)
	at org.testng.SuiteRunnerWorker.run(SuiteRunnerWorker.java:86)
	at org.testng.TestNG.runSuitesSequentially(TestNG.java:1158)
	at org.testng.TestNG.runSuitesLocally(TestNG.java:1083)
	at org.testng.TestNG.run(TestNG.java:999)
	at org.apache.maven.surefire.testng.TestNGExecutor.run(TestNGExecutor.java:178)
	at org.apache.maven.surefire.testng.TestNGXmlTestSuite.execute(TestNGXmlTestSuite.java:92)
	at org.apache.maven.surefire.testng.TestNGProvider.invoke(TestNGProvider.java:96)
	at sun.reflect.NativeMethodAccessorImpl.invoke0(Native Method)
	at sun.reflect.NativeMethodAccessorImpl.invoke(NativeMethodAccessorImpl.java:62)
	at sun.reflect.DelegatingMethodAccessorImpl.invoke(DelegatingMethodAccessorImpl.java:43)
	at java.lang.reflect.Method.invoke(Method.java:498)
	at org.apache.maven.surefire.util.ReflectionUtils.invokeMethodWithArray(ReflectionUtils.java:189)
	at org.apache.maven.surefire.booter.ProviderFactory$ProviderProxy.invoke(ProviderFactory.java:165)
	at org.apache.maven.surefire.booter.ProviderFactory.invokeProvider(ProviderFactory.java:85)
	at org.apache.maven.surefire.booter.ForkedBooter.runSuitesInProcess(ForkedBooter.java:115)
	at org.apache.maven.surefire.booter.ForkedBooter.main(ForkedBooter.java:75)
]]>
            </full-stacktrace>
          </exception>
        </test-method>
        <test-method status="PASS" signature="testA3()" name="testA3" duration-ms="0" started-at="2016-12-28T12:09:56Z" finished-at="2016-12-28T12:09:56Z">
        </test-method>
        <test-method status="PASS" signature="testA2()" name="testA2" duration-ms="0" started-at="2016-12-28T12:09:56Z" finished-at="2016-12-28T12:09:56Z">
        </test-method>
      </class>
    </test>
    <test name="TestC" duration-ms="0" started-at="2016-12-28T12:10:45Z" finished-at="2016-12-28T12:10:45Z">
      <class name="com.qtpselenium.core.ddf.testcases.DummyTestC">
        <test-method status="PASS" signature="testC()" name="testC" duration-ms="0" started-at="2016-12-28T12:10:45Z" finished-at="2016-12-28T12:10:45Z">
        </test-method>
      </class>
    </test>
    <test name="TestB" duration-ms="48456" started-at="2016-12-28T12:09:56Z" finished-at="2016-12-28T12:10:45Z">
      <class name="com.qtpselenium.core.ddf.testcases.DummyTestB">
        <test-method status="FAIL" signature="testB()" name="testB" duration-ms="48451" started-at="2016-12-28T12:09:56Z" finished-at="2016-12-28T12:10:45Z">
          <exception class="org.openqa.selenium.WebDriverException">
            <message>
              <![CDATA[Failed to connect to binary FirefoxBinary(C:\Program Files (x86)\Mozilla Firefox\firefox.exe) on port 7055; process output follows: 
isabled
1482907198429	addons.xpi-utils	DEBUG	Make addon app-profile:fxdriver@googlecode.com visible
1482907198431	DeferredSave.extensions.json	DEBUG	Save changes
1482907198432	DeferredSave.extensions.json	DEBUG	Save changes
1482907198432	addons.xpi	DEBUG	New add-on mozilla_cc@internetdownloadmanager.com installed in winreg-app-user
1482907198457	addons.xpi-utils	DEBUG	Make addon winreg-app-user:mozilla_cc@internetdownloadmanager.com visible
1482907198458	DeferredSave.extensions.json	DEBUG	Save changes
1482907198458	DeferredSave.extensions.json	DEBUG	Save changes
1482907198458	addons.xpi	DEBUG	New add-on {972ce4c6-7e08-4474-a285-3208198ce6fd} installed in app-global
1482907198463	addons.xpi-utils	DEBUG	Make addon app-global:{972ce4c6-7e08-4474-a285-3208198ce6fd} visible
1482907198463	DeferredSave.extensions.json	DEBUG	Save changes
1482907198464	DeferredSave.extensions.json	DEBUG	Save changes
1482907198478	addons.xpi	DEBUG	Updating database with changes to installed add-ons
1482907198478	addons.xpi-utils	DEBUG	Updating add-on states
1482907198478	addons.xpi-utils	DEBUG	Writing add-ons list
1482907198485	addons.manager	DEBUG	Registering shutdown blocker for XPIProvider
1482907198486	addons.manager	DEBUG	Registering shutdown blocker for LightweightThemeManager
1482907198488	addons.manager	DEBUG	Registering shutdown blocker for OpenH264Provider
1482907198489	addons.manager	DEBUG	Registering shutdown blocker for PluginProvider
1482907199243	DeferredSave.extensions.json	DEBUG	Starting timer
1482907199271	addons.manager	DEBUG	shutdown
1482907199271	addons.manager	DEBUG	Calling shutdown blocker for XPIProvider
1482907199271	addons.xpi	DEBUG	shutdown
1482907199271	addons.xpi-utils	DEBUG	shutdown
1482907199271	addons.manager	DEBUG	Calling shutdown blocker for LightweightThemeManager
1482907199272	addons.manager	DEBUG	Calling shutdown blocker for OpenH264Provider
1482907199272	addons.manager	DEBUG	Calling shutdown blocker for PluginProvider
1482907199274	DeferredSave.extensions.json	DEBUG	Starting write
1482907199353	DeferredSave.extensions.json	DEBUG	Write succeeded
1482907199353	addons.xpi-utils	DEBUG	XPI Database saved, setting schema version preference to 16
1482907199353	addons.xpi	DEBUG	Notifying XPI shutdown observers
1482907199358	addons.manager	DEBUG	Async provider shutdown done
1482907200160	addons.manager	DEBUG	Loaded provider scope for resource://gre/modules/addons/XPIProvider.jsm: ["XPIProvider"]
1482907200161	addons.manager	DEBUG	Loaded provider scope for resource://gre/modules/LightweightThemeManager.jsm: ["LightweightThemeManager"]
1482907200164	addons.xpi	DEBUG	startup
1482907200164	addons.xpi	DEBUG	Skipping unavailable install location app-system-local
1482907200164	addons.xpi	DEBUG	Skipping unavailable install location app-system-share
1482907200165	addons.xpi	INFO	Mapping {972ce4c6-7e08-4474-a285-3208198ce6fd} to C:\Program Files (x86)\Mozilla Firefox\browser\extensions\{972ce4c6-7e08-4474-a285-3208198ce6fd}
1482907200165	addons.xpi	INFO	Mapping mozilla_cc@internetdownloadmanager.com to C:\Users\ons\AppData\Roaming\IDM\idmmzcc5
1482907200166	addons.xpi	INFO	Mapping fxdriver@googlecode.com to C:\Users\ons\AppData\Local\Temp\anonymous6757322847735648620webdriver-profile\extensions\fxdriver@googlecode.com
1482907200166	addons.xpi	DEBUG	Ignoring file entry whose name is not a valid add-on ID: C:\Users\ons\AppData\Local\Temp\anonymous6757322847735648620webdriver-profile\extensions\webdriver-staging
1482907200166	addons.xpi	DEBUG	checkForChanges
1482907200174	addons.xpi	DEBUG	No changes found
1482907200177	addons.manager	DEBUG	Registering shutdown blocker for XPIProvider
1482907200178	addons.manager	DEBUG	Registering shutdown blocker for LightweightThemeManager
1482907200179	addons.manager	DEBUG	Registering shutdown blocker for OpenH264Provider
1482907200179	addons.manager	DEBUG	Registering shutdown blocker for PluginProvider
*** Blocklist::_preloadBlocklistFile: blocklist is disabled
1482907201396	addons.manager	DEBUG	Registering shutdown blocker for <unnamed-provider>

Build info: version: '2.42.2', revision: '6a6995d31c7c56c340d6f45a76976d43506cd6cc', time: '2014-06-03 10:52:47'
System info: host: 'ons-PC', ip: '192.168.2.4', os.name: 'Windows 7', os.arch: 'amd64', os.version: '6.1', java.version: '1.8.0_101'
Driver info: driver.version: FirefoxDriver]]>
            </message>
            <full-stacktrace>
              <![CDATA[org.openqa.selenium.WebDriverException: Failed to connect to binary FirefoxBinary(C:\Program Files (x86)\Mozilla Firefox\firefox.exe) on port 7055; process output follows: 
isabled
1482907198429	addons.xpi-utils	DEBUG	Make addon app-profile:fxdriver@googlecode.com visible
1482907198431	DeferredSave.extensions.json	DEBUG	Save changes
1482907198432	DeferredSave.extensions.json	DEBUG	Save changes
1482907198432	addons.xpi	DEBUG	New add-on mozilla_cc@internetdownloadmanager.com installed in winreg-app-user
1482907198457	addons.xpi-utils	DEBUG	Make addon winreg-app-user:mozilla_cc@internetdownloadmanager.com visible
1482907198458	DeferredSave.extensions.json	DEBUG	Save changes
1482907198458	DeferredSave.extensions.json	DEBUG	Save changes
1482907198458	addons.xpi	DEBUG	New add-on {972ce4c6-7e08-4474-a285-3208198ce6fd} installed in app-global
1482907198463	addons.xpi-utils	DEBUG	Make addon app-global:{972ce4c6-7e08-4474-a285-3208198ce6fd} visible
1482907198463	DeferredSave.extensions.json	DEBUG	Save changes
1482907198464	DeferredSave.extensions.json	DEBUG	Save changes
1482907198478	addons.xpi	DEBUG	Updating database with changes to installed add-ons
1482907198478	addons.xpi-utils	DEBUG	Updating add-on states
1482907198478	addons.xpi-utils	DEBUG	Writing add-ons list
1482907198485	addons.manager	DEBUG	Registering shutdown blocker for XPIProvider
1482907198486	addons.manager	DEBUG	Registering shutdown blocker for LightweightThemeManager
1482907198488	addons.manager	DEBUG	Registering shutdown blocker for OpenH264Provider
1482907198489	addons.manager	DEBUG	Registering shutdown blocker for PluginProvider
1482907199243	DeferredSave.extensions.json	DEBUG	Starting timer
1482907199271	addons.manager	DEBUG	shutdown
1482907199271	addons.manager	DEBUG	Calling shutdown blocker for XPIProvider
1482907199271	addons.xpi	DEBUG	shutdown
1482907199271	addons.xpi-utils	DEBUG	shutdown
1482907199271	addons.manager	DEBUG	Calling shutdown blocker for LightweightThemeManager
1482907199272	addons.manager	DEBUG	Calling shutdown blocker for OpenH264Provider
1482907199272	addons.manager	DEBUG	Calling shutdown blocker for PluginProvider
1482907199274	DeferredSave.extensions.json	DEBUG	Starting write
1482907199353	DeferredSave.extensions.json	DEBUG	Write succeeded
1482907199353	addons.xpi-utils	DEBUG	XPI Database saved, setting schema version preference to 16
1482907199353	addons.xpi	DEBUG	Notifying XPI shutdown observers
1482907199358	addons.manager	DEBUG	Async provider shutdown done
1482907200160	addons.manager	DEBUG	Loaded provider scope for resource://gre/modules/addons/XPIProvider.jsm: ["XPIProvider"]
1482907200161	addons.manager	DEBUG	Loaded provider scope for resource://gre/modules/LightweightThemeManager.jsm: ["LightweightThemeManager"]
1482907200164	addons.xpi	DEBUG	startup
1482907200164	addons.xpi	DEBUG	Skipping unavailable install location app-system-local
1482907200164	addons.xpi	DEBUG	Skipping unavailable install location app-system-share
1482907200165	addons.xpi	INFO	Mapping {972ce4c6-7e08-4474-a285-3208198ce6fd} to C:\Program Files (x86)\Mozilla Firefox\browser\extensions\{972ce4c6-7e08-4474-a285-3208198ce6fd}
1482907200165	addons.xpi	INFO	Mapping mozilla_cc@internetdownloadmanager.com to C:\Users\ons\AppData\Roaming\IDM\idmmzcc5
1482907200166	addons.xpi	INFO	Mapping fxdriver@googlecode.com to C:\Users\ons\AppData\Local\Temp\anonymous6757322847735648620webdriver-profile\extensions\fxdriver@googlecode.com
1482907200166	addons.xpi	DEBUG	Ignoring file entry whose name is not a valid add-on ID: C:\Users\ons\AppData\Local\Temp\anonymous6757322847735648620webdriver-profile\extensions\webdriver-staging
1482907200166	addons.xpi	DEBUG	checkForChanges
1482907200174	addons.xpi	DEBUG	No changes found
1482907200177	addons.manager	DEBUG	Registering shutdown blocker for XPIProvider
1482907200178	addons.manager	DEBUG	Registering shutdown blocker for LightweightThemeManager
1482907200179	addons.manager	DEBUG	Registering shutdown blocker for OpenH264Provider
1482907200179	addons.manager	DEBUG	Registering shutdown blocker for PluginProvider
*** Blocklist::_preloadBlocklistFile: blocklist is disabled
1482907201396	addons.manager	DEBUG	Registering shutdown blocker for <unnamed-provider>

Build info: version: '2.42.2', revision: '6a6995d31c7c56c340d6f45a76976d43506cd6cc', time: '2014-06-03 10:52:47'
System info: host: 'ons-PC', ip: '192.168.2.4', os.name: 'Windows 7', os.arch: 'amd64', os.version: '6.1', java.version: '1.8.0_101'
Driver info: driver.version: FirefoxDriver
	at org.openqa.selenium.firefox.internal.NewProfileExtensionConnection.start(NewProfileExtensionConnection.java:130)
	at org.openqa.selenium.firefox.FirefoxDriver.startClient(FirefoxDriver.java:246)
	at org.openqa.selenium.remote.RemoteWebDriver.<init>(RemoteWebDriver.java:114)
	at org.openqa.selenium.firefox.FirefoxDriver.<init>(FirefoxDriver.java:191)
	at org.openqa.selenium.firefox.FirefoxDriver.<init>(FirefoxDriver.java:186)
	at org.openqa.selenium.firefox.FirefoxDriver.<init>(FirefoxDriver.java:182)
	at org.openqa.selenium.firefox.FirefoxDriver.<init>(FirefoxDriver.java:95)
	at com.qtpselenium.core.ddf.base.BaseTest.openBrowser(BaseTest.java:21)
	at com.qtpselenium.core.ddf.testcases.DummyTestB.testB(DummyTestB.java:12)
	at sun.reflect.NativeMethodAccessorImpl.invoke0(Native Method)
	at sun.reflect.NativeMethodAccessorImpl.invoke(NativeMethodAccessorImpl.java:62)
	at sun.reflect.DelegatingMethodAccessorImpl.invoke(DelegatingMethodAccessorImpl.java:43)
	at java.lang.reflect.Method.invoke(Method.java:498)
	at org.testng.internal.MethodInvocationHelper.invokeMethod(MethodInvocationHelper.java:80)
	at org.testng.internal.Invoker.invokeMethod(Invoker.java:673)
	at org.testng.internal.Invoker.invokeTestMethod(Invoker.java:842)
	at org.testng.internal.Invoker.invokeTestMethods(Invoker.java:1166)
	at org.testng.internal.TestMethodWorker.invokeTestMethods(TestMethodWorker.java:125)
	at org.testng.internal.TestMethodWorker.run(TestMethodWorker.java:109)
	at org.testng.TestRunner.runWorkers(TestRunner.java:1178)
	at org.testng.TestRunner.privateRun(TestRunner.java:757)
	at org.testng.TestRunner.run(TestRunner.java:608)
	at org.testng.SuiteRunner.runTest(SuiteRunner.java:334)
	at org.testng.SuiteRunner.runSequentially(SuiteRunner.java:329)
	at org.testng.SuiteRunner.privateRun(SuiteRunner.java:291)
	at org.testng.SuiteRunner.run(SuiteRunner.java:240)
	at org.testng.SuiteRunnerWorker.runSuite(SuiteRunnerWorker.java:52)
	at org.testng.SuiteRunnerWorker.run(SuiteRunnerWorker.java:86)
	at org.testng.TestNG.runSuitesSequentially(TestNG.java:1158)
	at org.testng.TestNG.runSuitesLocally(TestNG.java:1083)
	at org.testng.TestNG.run(TestNG.java:999)
	at org.apache.maven.surefire.testng.TestNGExecutor.run(TestNGExecutor.java:178)
	at org.apache.maven.surefire.testng.TestNGXmlTestSuite.execute(TestNGXmlTestSuite.java:92)
	at org.apache.maven.surefire.testng.TestNGProvider.invoke(TestNGProvider.java:96)
	at sun.reflect.NativeMethodAccessorImpl.invoke0(Native Method)
	at sun.reflect.NativeMethodAccessorImpl.invoke(NativeMethodAccessorImpl.java:62)
	at sun.reflect.DelegatingMethodAccessorImpl.invoke(DelegatingMethodAccessorImpl.java:43)
	at java.lang.reflect.Method.invoke(Method.java:498)
	at org.apache.maven.surefire.util.ReflectionUtils.invokeMethodWithArray(ReflectionUtils.java:189)
	at org.apache.maven.surefire.booter.ProviderFactory$ProviderProxy.invoke(ProviderFactory.java:165)
	at org.apache.maven.surefire.booter.ProviderFactory.invokeProvider(ProviderFactory.java:85)
	at org.apache.maven.surefire.booter.ForkedBooter.runSuitesInProcess(ForkedBooter.java:115)
	at org.apache.maven.surefire.booter.ForkedBooter.main(ForkedBooter.java:75)
Caused by: org.openqa.selenium.firefox.NotConnectedException: Unable to connect to host 127.0.0.1 on port 7055 after 45000 ms. Firefox console output:
isabled
1482907198429	addons.xpi-utils	DEBUG	Make addon app-profile:fxdriver@googlecode.com visible
1482907198431	DeferredSave.extensions.json	DEBUG	Save changes
1482907198432	DeferredSave.extensions.json	DEBUG	Save changes
1482907198432	addons.xpi	DEBUG	New add-on mozilla_cc@internetdownloadmanager.com installed in winreg-app-user
1482907198457	addons.xpi-utils	DEBUG	Make addon winreg-app-user:mozilla_cc@internetdownloadmanager.com visible
1482907198458	DeferredSave.extensions.json	DEBUG	Save changes
1482907198458	DeferredSave.extensions.json	DEBUG	Save changes
1482907198458	addons.xpi	DEBUG	New add-on {972ce4c6-7e08-4474-a285-3208198ce6fd} installed in app-global
1482907198463	addons.xpi-utils	DEBUG	Make addon app-global:{972ce4c6-7e08-4474-a285-3208198ce6fd} visible
1482907198463	DeferredSave.extensions.json	DEBUG	Save changes
1482907198464	DeferredSave.extensions.json	DEBUG	Save changes
1482907198478	addons.xpi	DEBUG	Updating database with changes to installed add-ons
1482907198478	addons.xpi-utils	DEBUG	Updating add-on states
1482907198478	addons.xpi-utils	DEBUG	Writing add-ons list
1482907198485	addons.manager	DEBUG	Registering shutdown blocker for XPIProvider
1482907198486	addons.manager	DEBUG	Registering shutdown blocker for LightweightThemeManager
1482907198488	addons.manager	DEBUG	Registering shutdown blocker for OpenH264Provider
1482907198489	addons.manager	DEBUG	Registering shutdown blocker for PluginProvider
1482907199243	DeferredSave.extensions.json	DEBUG	Starting timer
1482907199271	addons.manager	DEBUG	shutdown
1482907199271	addons.manager	DEBUG	Calling shutdown blocker for XPIProvider
1482907199271	addons.xpi	DEBUG	shutdown
1482907199271	addons.xpi-utils	DEBUG	shutdown
1482907199271	addons.manager	DEBUG	Calling shutdown blocker for LightweightThemeManager
1482907199272	addons.manager	DEBUG	Calling shutdown blocker for OpenH264Provider
1482907199272	addons.manager	DEBUG	Calling shutdown blocker for PluginProvider
1482907199274	DeferredSave.extensions.json	DEBUG	Starting write
1482907199353	DeferredSave.extensions.json	DEBUG	Write succeeded
1482907199353	addons.xpi-utils	DEBUG	XPI Database saved, setting schema version preference to 16
1482907199353	addons.xpi	DEBUG	Notifying XPI shutdown observers
1482907199358	addons.manager	DEBUG	Async provider shutdown done
1482907200160	addons.manager	DEBUG	Loaded provider scope for resource://gre/modules/addons/XPIProvider.jsm: ["XPIProvider"]
1482907200161	addons.manager	DEBUG	Loaded provider scope for resource://gre/modules/LightweightThemeManager.jsm: ["LightweightThemeManager"]
1482907200164	addons.xpi	DEBUG	startup
1482907200164	addons.xpi	DEBUG	Skipping unavailable install location app-system-local
1482907200164	addons.xpi	DEBUG	Skipping unavailable install location app-system-share
1482907200165	addons.xpi	INFO	Mapping {972ce4c6-7e08-4474-a285-3208198ce6fd} to C:\Program Files (x86)\Mozilla Firefox\browser\extensions\{972ce4c6-7e08-4474-a285-3208198ce6fd}
1482907200165	addons.xpi	INFO	Mapping mozilla_cc@internetdownloadmanager.com to C:\Users\ons\AppData\Roaming\IDM\idmmzcc5
1482907200166	addons.xpi	INFO	Mapping fxdriver@googlecode.com to C:\Users\ons\AppData\Local\Temp\anonymous6757322847735648620webdriver-profile\extensions\fxdriver@googlecode.com
1482907200166	addons.xpi	DEBUG	Ignoring file entry whose name is not a valid add-on ID: C:\Users\ons\AppData\Local\Temp\anonymous6757322847735648620webdriver-profile\extensions\webdriver-staging
1482907200166	addons.xpi	DEBUG	checkForChanges
1482907200174	addons.xpi	DEBUG	No changes found
1482907200177	addons.manager	DEBUG	Registering shutdown blocker for XPIProvider
1482907200178	addons.manager	DEBUG	Registering shutdown blocker for LightweightThemeManager
1482907200179	addons.manager	DEBUG	Registering shutdown blocker for OpenH264Provider
1482907200179	addons.manager	DEBUG	Registering shutdown blocker for PluginProvider
*** Blocklist::_preloadBlocklistFile: blocklist is disabled
1482907201396	addons.manager	DEBUG	Registering shutdown blocker for <unnamed-provider>

	at org.openqa.selenium.firefox.internal.NewProfileExtensionConnection.start(NewProfileExtensionConnection.java:118)
	... 42 more
]]>
            </full-stacktrace>
          </exception>
        </test-method>
      </class>
    </test>
  </suite>
</testng-results>
