<?xml version="1.0" encoding="UTF-8"?>
<testng-results skipped="0" failed="1" total="5" passed="4">
  <reporter-output>
  </reporter-output>
  <suite name="SuiteName" duration-ms="8548" started-at="2017-02-18T07:30:02Z" finished-at="2017-02-18T07:30:10Z">
    <groups>
    </groups>
    <test name="TestA" duration-ms="26" started-at="2017-02-18T07:30:02Z" finished-at="2017-02-18T07:30:02Z">
      <class name="com.qtpselenium.core.ddf.testcases.DummyTestA">
        <test-method status="FAIL" signature="testA1()[pri:1, instance:com.qtpselenium.core.ddf.testcases.DummyTestA@4c75cab9]" name="testA1" duration-ms="8" started-at="2017-02-18T13:00:02Z" finished-at="2017-02-18T13:00:02Z">
          <exception class="java.lang.AssertionError">
            <message>
              <![CDATA[null]]>
            </message>
            <full-stacktrace>
              <![CDATA[java.lang.AssertionError: null
	at org.testng.Assert.fail(Assert.java:94)
	at org.testng.Assert.fail(Assert.java:101)
	at com.qtpselenium.core.ddf.testcases.DummyTestA.testA1(DummyTestA.java:16)
	at sun.reflect.NativeMethodAccessorImpl.invoke0(Native Method)
	at sun.reflect.NativeMethodAccessorImpl.invoke(NativeMethodAccessorImpl.java:62)
	at sun.reflect.DelegatingMethodAccessorImpl.invoke(DelegatingMethodAccessorImpl.java:43)
	at java.lang.reflect.Method.invoke(Method.java:498)
	at org.testng.internal.MethodInvocationHelper.invokeMethod(MethodInvocationHelper.java:85)
	at org.testng.internal.Invoker.invokeMethod(Invoker.java:639)
	at org.testng.internal.Invoker.invokeTestMethod(Invoker.java:816)
	at org.testng.internal.Invoker.invokeTestMethods(Invoker.java:1124)
	at org.testng.internal.TestMethodWorker.invokeTestMethods(TestMethodWorker.java:125)
	at org.testng.internal.TestMethodWorker.run(TestMethodWorker.java:108)
	at org.testng.TestRunner.privateRun(TestRunner.java:774)
	at org.testng.TestRunner.run(TestRunner.java:624)
	at org.testng.SuiteRunner.runTest(SuiteRunner.java:359)
	at org.testng.SuiteRunner.runSequentially(SuiteRunner.java:354)
	at org.testng.SuiteRunner.privateRun(SuiteRunner.java:312)
	at org.testng.SuiteRunner.run(SuiteRunner.java:261)
	at org.testng.SuiteRunnerWorker.runSuite(SuiteRunnerWorker.java:52)
	at org.testng.SuiteRunnerWorker.run(SuiteRunnerWorker.java:86)
	at org.testng.TestNG.runSuitesSequentially(TestNG.java:1215)
	at org.testng.TestNG.runSuitesLocally(TestNG.java:1140)
	at org.testng.TestNG.run(TestNG.java:1048)
	at org.testng.TestNG.privateMain(TestNG.java:1355)
	at org.testng.TestNG.main(TestNG.java:1324)
]]>
            </full-stacktrace>
          </exception> <!-- java.lang.AssertionError -->
          <reporter-output>
          </reporter-output>
        </test-method> <!-- testA1 -->
        <test-method status="PASS" signature="testA2()[pri:2, instance:com.qtpselenium.core.ddf.testcases.DummyTestA@4c75cab9]" name="testA2" duration-ms="0" started-at="2017-02-18T13:00:02Z" finished-at="2017-02-18T13:00:02Z">
          <reporter-output>
          </reporter-output>
        </test-method> <!-- testA2 -->
        <test-method status="PASS" signature="testA3()[pri:3, instance:com.qtpselenium.core.ddf.testcases.DummyTestA@4c75cab9]" name="testA3" duration-ms="0" started-at="2017-02-18T13:00:02Z" finished-at="2017-02-18T13:00:02Z">
          <reporter-output>
          </reporter-output>
        </test-method> <!-- testA3 -->
      </class> <!-- com.qtpselenium.core.ddf.testcases.DummyTestA -->
    </test> <!-- TestA -->
    <test name="TestB" duration-ms="8482" started-at="2017-02-18T07:30:02Z" finished-at="2017-02-18T07:30:10Z">
      <class name="com.qtpselenium.core.ddf.testcases.DummyTestB">
        <test-method status="PASS" signature="testB()[pri:0, instance:com.qtpselenium.core.ddf.testcases.DummyTestB@2ac1fdc4]" name="testB" duration-ms="8481" started-at="2017-02-18T13:00:02Z" finished-at="2017-02-18T13:00:10Z">
          <reporter-output>
          </reporter-output>
        </test-method> <!-- testB -->
      </class> <!-- com.qtpselenium.core.ddf.testcases.DummyTestB -->
    </test> <!-- TestB -->
    <test name="TestC" duration-ms="1" started-at="2017-02-18T07:30:10Z" finished-at="2017-02-18T07:30:10Z">
      <class name="com.qtpselenium.core.ddf.testcases.DummyTestC">
        <test-method status="PASS" signature="testC()[pri:0, instance:com.qtpselenium.core.ddf.testcases.DummyTestC@f5f2bb7]" name="testC" duration-ms="0" started-at="2017-02-18T13:00:10Z" finished-at="2017-02-18T13:00:10Z">
          <reporter-output>
          </reporter-output>
        </test-method> <!-- testC -->
      </class> <!-- com.qtpselenium.core.ddf.testcases.DummyTestC -->
    </test> <!-- TestC -->
  </suite> <!-- SuiteName -->
</testng-results>
