<?xml version="1.0" encoding="UTF-8"?>
<testsuite hostname="ons-PC" name="com.qtpselenium.core.ddf.testcases.DummyTestA" tests="3" failures="1" timestamp="28 Dec 2016 06:39:56 GMT" time="0.025" errors="0">
  <testcase name="testA1" time="0.015" classname="com.qtpselenium.core.ddf.testcases.DummyTestA">
    <failure type="java.lang.AssertionError" message="null">
      <![CDATA[java.lang.AssertionError: null
	at com.qtpselenium.core.ddf.testcases.DummyTestA.testA1(DummyTestA.java:16)
	at org.apache.maven.surefire.testng.TestNGExecutor.run(TestNGExecutor.java:178)
	at org.apache.maven.surefire.testng.TestNGXmlTestSuite.execute(TestNGXmlTestSuite.java:92)
	at org.apache.maven.surefire.testng.TestNGProvider.invoke(TestNGProvider.java:96)
	at org.apache.maven.surefire.util.ReflectionUtils.invokeMethodWithArray(ReflectionUtils.java:189)
	at org.apache.maven.surefire.booter.ProviderFactory$ProviderProxy.invoke(ProviderFactory.java:165)
	at org.apache.maven.surefire.booter.ProviderFactory.invokeProvider(ProviderFactory.java:85)
	at org.apache.maven.surefire.booter.ForkedBooter.runSuitesInProcess(ForkedBooter.java:115)
	at org.apache.maven.surefire.booter.ForkedBooter.main(ForkedBooter.java:75)
... Removed 28 stack frames]]>
    </failure>
  </testcase>
  <testcase name="testA2" time="0.0" classname="com.qtpselenium.core.ddf.testcases.DummyTestA"/>
  <testcase name="testA3" time="0.0" classname="com.qtpselenium.core.ddf.testcases.DummyTestA"/>
</testsuite>
